
2018-11-07 15:04:35.279771 'Account Registration' test logs with driver = chrome

2018-11-07 15:04:34.816000	WARNING	http://automationpractice.com/index.php?controller=authentication&back=my-account/login - This page includes a password or credit card input in a non-secure context. A warning has been added to the URL bar. For more information, see https://goo.gl/zmWq3m.

2018-11-07 15:54:01.592302 'Account Registration' test logs with driver = chrome

2018-11-07 15:53:50.623000	WARNING	http://automationpractice.com/index.php?controller=authentication&back=my-account/login - This page includes a password or credit card input in a non-secure context. A warning has been added to the URL bar. For more information, see https://goo.gl/zmWq3m.

2018-11-07 16:27:37.616056 'Account Registration' test logs with driver = chrome

2018-11-07 16:27:35.828000	WARNING	http://automationpractice.com/index.php?controller=authentication&back=my-account/login - This page includes a password or credit card input in a non-secure context. A warning has been added to the URL bar. For more information, see https://goo.gl/zmWq3m.

2018-11-08 09:58:04.292686 'Account Registration' test logs with driver = chrome

2018-11-08 09:57:54.631000	WARNING	http://automationpractice.com/index.php?controller=authentication&back=my-account/login - This page includes a password or credit card input in a non-secure context. A warning has been added to the URL bar. For more information, see https://goo.gl/zmWq3m.

2018-11-08 11:35:30.797597 'Account Registration' test logs with driver = chrome

2018-11-08 11:35:21.806000	WARNING	http://automationpractice.com/index.php?controller=authentication&back=my-account/login - This page includes a password or credit card input in a non-secure context. A warning has been added to the URL bar. For more information, see https://goo.gl/zmWq3m.

2018-11-08 11:42:01.067408 'Account Registration' test logs with driver = chrome

2018-11-08 11:41:52.024000	WARNING	http://automationpractice.com/index.php?controller=authentication&back=my-account/login - This page includes a password or credit card input in a non-secure context. A warning has been added to the URL bar. For more information, see https://goo.gl/zmWq3m.

2018-11-08 12:59:13.832098 'login' test logs with driver = chrome

2018-11-08 12:59:06.361000	WARNING	http://automationpractice.com/index.php?controller=authentication&back=my-account/login - This page includes a password or credit card input in a non-secure context. A warning has been added to the URL bar. For more information, see https://goo.gl/zmWq3m.

2018-11-08 13:15:54.072710 'login' test logs with driver = chrome

2018-11-08 13:15:41.158000	WARNING	http://automationpractice.com/index.php?controller=authentication&back=my-account/login - This page includes a password or credit card input in a non-secure context. A warning has been added to the URL bar. For more information, see https://goo.gl/zmWq3m.

2018-11-08 13:20:16.912973 'login' test logs with driver = chrome

2018-11-08 13:20:04.667000	WARNING	http://automationpractice.com/index.php?controller=authentication&back=my-account/login - This page includes a password or credit card input in a non-secure context. A warning has been added to the URL bar. For more information, see https://goo.gl/zmWq3m.

2018-11-09 11:33:58.548811 'Process of buying an item' test logs with driver = chrome

2018-11-09 11:33:58.114000	WARNING	http://automationpractice.com/index.php?controller=authentication&back=my-account/login - This page includes a password or credit card input in a non-secure context. A warning has been added to the URL bar. For more information, see https://goo.gl/zmWq3m.

2018-11-09 11:35:39.444448 'Process of buying an item' test logs with driver = chrome

2018-11-09 11:35:39.261000	SEVERE	http://automationpractice.com/index.php?controller=authentication&back=my-account/login - Failed to load resource: the server responded with a status of 500 (Internal Server Error)

2018-11-09 11:39:55.583695 'Process of buying an item' test logs with driver = chrome

2018-11-09 11:39:55.082000	WARNING	http://automationpractice.com/index.php?controller=authentication&back=my-account/login - This page includes a password or credit card input in a non-secure context. A warning has been added to the URL bar. For more information, see https://goo.gl/zmWq3m.

2018-11-09 12:24:52.876743 'successful logout' test logs with driver = chrome

2018-11-09 12:24:36.204000	WARNING	http://automationpractice.com/index.php?controller=authentication&back=my-account/login - This page includes a password or credit card input in a non-secure context. A warning has been added to the URL bar. For more information, see https://goo.gl/zmWq3m.

2018-11-09 12:32:06.093013 'Process of buying an item' test logs with driver = chrome

2018-11-09 12:31:57.697000	WARNING	http://automationpractice.com/index.php?controller=authentication&back=my-account/login - This page includes a password or credit card input in a non-secure context. A warning has been added to the URL bar. For more information, see https://goo.gl/zmWq3m.

2018-11-09 12:36:29.732841 'Process of buying an item' test logs with driver = chrome

2018-11-09 12:36:21.954000	WARNING	http://automationpractice.com/index.php?controller=authentication&back=my-account/login - This page includes a password or credit card input in a non-secure context. A warning has been added to the URL bar. For more information, see https://goo.gl/zmWq3m.

2018-11-09 12:37:08.437261 'Process of buying an item' test logs with driver = chrome

2018-11-09 12:37:00.728000	WARNING	http://automationpractice.com/index.php?controller=authentication&back=my-account/login - This page includes a password or credit card input in a non-secure context. A warning has been added to the URL bar. For more information, see https://goo.gl/zmWq3m.

2018-11-09 12:40:54.049120 'Process of buying an item' test logs with driver = chrome

2018-11-09 12:40:46.160000	WARNING	http://automationpractice.com/index.php?controller=authentication&back=my-account/login - This page includes a password or credit card input in a non-secure context. A warning has been added to the URL bar. For more information, see https://goo.gl/zmWq3m.

2018-11-09 12:43:25.730430 'Process of buying an item' test logs with driver = chrome

2018-11-09 12:43:17.962000	WARNING	http://automationpractice.com/index.php?controller=authentication&back=my-account/login - This page includes a password or credit card input in a non-secure context. A warning has been added to the URL bar. For more information, see https://goo.gl/zmWq3m.

2018-11-09 12:45:36.403274 'Process of buying an item' test logs with driver = chrome

2018-11-09 12:45:29.350000	WARNING	http://automationpractice.com/index.php?controller=authentication&back=my-account/login - This page includes a password or credit card input in a non-secure context. A warning has been added to the URL bar. For more information, see https://goo.gl/zmWq3m.

2018-11-09 12:47:46.766832 'Process of buying an item' test logs with driver = chrome

2018-11-09 12:47:36.297000	WARNING	http://automationpractice.com/index.php?controller=authentication&back=my-account/login - This page includes a password or credit card input in a non-secure context. A warning has been added to the URL bar. For more information, see https://goo.gl/zmWq3m.

2018-11-09 13:36:11.186101 'Process of buying an item' test logs with driver = chrome

2018-11-09 13:35:53.726000	WARNING	http://automationpractice.com/index.php?controller=authentication&back=my-account/login - This page includes a password or credit card input in a non-secure context. A warning has been added to the URL bar. For more information, see https://goo.gl/zmWq3m.

2018-11-09 14:10:40.174523 'Process of buying an item' test logs with driver = chrome

2018-11-09 14:10:29.877000	WARNING	http://automationpractice.com/index.php?controller=authentication&back=my-account/login - This page includes a password or credit card input in a non-secure context. A warning has been added to the URL bar. For more information, see https://goo.gl/zmWq3m.

2018-11-09 14:12:50.873141 'Process of buying an item' test logs with driver = chrome

2018-11-09 14:12:30.981000	WARNING	http://automationpractice.com/index.php?controller=authentication&back=my-account/login - This page includes a password or credit card input in a non-secure context. A warning has been added to the URL bar. For more information, see https://goo.gl/zmWq3m.

2018-11-09 14:14:33.668483 'Process of buying an item' test logs with driver = chrome

2018-11-09 14:14:15.271000	WARNING	http://automationpractice.com/index.php?controller=authentication&back=my-account/login - This page includes a password or credit card input in a non-secure context. A warning has been added to the URL bar. For more information, see https://goo.gl/zmWq3m.

2018-11-09 15:49:08.874145 'Process of buying an item' test logs with driver = chrome

2018-11-09 15:48:52.094000	WARNING	http://automationpractice.com/index.php?controller=authentication&back=my-account/login - This page includes a password or credit card input in a non-secure context. A warning has been added to the URL bar. For more information, see https://goo.gl/zmWq3m.

2018-11-09 16:53:41.047244 'Process of buying an item' test logs with driver = chrome

2018-11-09 16:53:15.764000	WARNING	http://automationpractice.com/index.php?controller=authentication&back=my-account/login - This page includes a password or credit card input in a non-secure context. A warning has been added to the URL bar. For more information, see https://goo.gl/zmWq3m.

2018-11-09 16:54:33.877524 'Process of buying an item' test logs with driver = chrome

2018-11-09 16:54:02.978000	WARNING	http://automationpractice.com/index.php?controller=authentication&back=my-account/login - This page includes a password or credit card input in a non-secure context. A warning has been added to the URL bar. For more information, see https://goo.gl/zmWq3m.
